0
1
2
3
4
5
6
7
8
9
10
11
12
13
14
15
16
17
18
19
20
21
22
23
24
25
26
27
28
29
30
31
32
33
34
35
36
37
38
39
40
41
42
43
44
45
46
47
48
49
On layer 0
Average distributions: 0.4787736649543479
Abs threshold: 0.03741455078125
positive threshold: 0.028167724609375
Negative threshold: 0.041656494140625
On layer 1
Average distributions: 0.5083209800664531
Abs threshold: 0.04522705078125
positive threshold: 0.03570556640625
Negative threshold: 0.04986572265625
On layer 2
Average distributions: 0.4205567999388529
Abs threshold: 0.059661865234375
positive threshold: 0.043243408203125
Negative threshold: 0.06573486328125
On layer 3
Average distributions: 0.3394817302089331
Abs threshold: 0.0823974609375
positive threshold: 0.05462646484375
Negative threshold: 0.09027099609375
On layer 4
Average distributions: 0.24948984571618232
Abs threshold: 0.11151123046875
positive threshold: 0.06494140625
Negative threshold: 0.1201171875
On layer 5
Average distributions: 0.23503569071158656
Abs threshold: 0.1260986328125
positive threshold: 0.07342529296875
Negative threshold: 0.134521484375
On layer 6
Average distributions: 0.2345418372548171
Abs threshold: 0.138427734375
positive threshold: 0.08087158203125
Negative threshold: 0.1474609375
On layer 7
Average distributions: 0.2630450999134491
Abs threshold: 0.1380615234375
positive threshold: 0.08404541015625
Negative threshold: 0.14794921875
On layer 8
Average distributions: 0.2655756653137575
Abs threshold: 0.1414794921875
positive threshold: 0.0860595703125
Negative threshold: 0.152099609375
On layer 9
Average distributions: 0.2695350954375364
Abs threshold: 0.1453857421875
positive threshold: 0.09100341796875
Negative threshold: 0.1556396484375
On layer 10
Average distributions: 0.2699371688984448
Abs threshold: 0.1441650390625
positive threshold: 0.0906982421875
Negative threshold: 0.1541748046875
On layer 11
Average distributions: 0.27864652066233575
Abs threshold: 0.1436767578125
positive threshold: 0.09100341796875
Negative threshold: 0.154296875
On layer 12
Average distributions: 0.31445200063478523
Abs threshold: 0.1427001953125
positive threshold: 0.095458984375
Negative threshold: 0.15380859375
On layer 13
Average distributions: 0.286052274544494
Abs threshold: 0.1527099609375
positive threshold: 0.10003662109375
Negative threshold: 0.1632080078125
On layer 14
Average distributions: 0.27831411968961584
Abs threshold: 0.158935546875
positive threshold: 0.10333251953125
Negative threshold: 0.16943359375
On layer 15
Average distributions: 0.23817069858129153
Abs threshold: 0.1737060546875
positive threshold: 0.10821533203125
Negative threshold: 0.18310546875
On layer 16
Average distributions: 0.24349062022058754
Abs threshold: 0.1695556640625
positive threshold: 0.10858154296875
Negative threshold: 0.1783447265625
On layer 17
Average distributions: 0.24216324384249246
Abs threshold: 0.1728515625
positive threshold: 0.11328125
Negative threshold: 0.1810302734375
On layer 18
Average distributions: 0.2585430519222607
Abs threshold: 0.164794921875
positive threshold: 0.11083984375
Negative threshold: 0.172607421875
On layer 19
Average distributions: 0.2685235192930463
Abs threshold: 0.1624755859375
positive threshold: 0.1102294921875
Negative threshold: 0.17041015625
On layer 20
Average distributions: 0.28103461848272066
Abs threshold: 0.1629638671875
positive threshold: 0.11322021484375
Negative threshold: 0.170654296875
On layer 21
Average distributions: 0.27126791905879805
Abs threshold: 0.1688232421875
positive threshold: 0.11737060546875
Negative threshold: 0.1759033203125
On layer 22
Average distributions: 0.28190344984112115
Abs threshold: 0.1668701171875
positive threshold: 0.1168212890625
Negative threshold: 0.173828125
On layer 23
Average distributions: 0.3027609306392989
Abs threshold: 0.164306640625
positive threshold: 0.1175537109375
Negative threshold: 0.1710205078125
On layer 24
Average distributions: 0.31788930825078465
Abs threshold: 0.16357421875
positive threshold: 0.11932373046875
Negative threshold: 0.169921875
On layer 25
Average distributions: 0.3126267869685114
Abs threshold: 0.166748046875
positive threshold: 0.120849609375
Negative threshold: 0.1729736328125
On layer 26
Average distributions: 0.3024996791922312
Abs threshold: 0.1734619140625
positive threshold: 0.124755859375
Negative threshold: 0.179443359375
On layer 27
Average distributions: 0.2900925508493648
Abs threshold: 0.1800537109375
positive threshold: 0.129150390625
Negative threshold: 0.1856689453125
On layer 28
Average distributions: 0.2910227904505533
Abs threshold: 0.186767578125
positive threshold: 0.140625
Negative threshold: 0.191162109375
On layer 29
Average distributions: 0.3389615582984711
Abs threshold: 0.18701171875
positive threshold: 0.1563720703125
Negative threshold: 0.1898193359375
On layer 30
Average distributions: 0.3779052973495194
Abs threshold: 0.1954345703125
positive threshold: 0.1873779296875
Negative threshold: 0.195068359375
On layer 31
Average distributions: 0.6283136131528746
Abs threshold: 0.19091796875
positive threshold: 0.22607421875
Negative threshold: 0.1795654296875
